<?xml version="1.0" encoding="UTF-8"?>
<testsuite name="com.bridgelabz.userregistrationtest.UserRegistrationTest" tests="1" skipped="0" failures="0" errors="0" timestamp="2021-03-21T09:10:28" hostname="LAPTOP-2B0EPGRS" time="0.055">
  <properties/>
  <testcase name="WhenEntryNotSuccessfull_ShouldReturn_false()" classname="com.bridgelabz.userregistrationtest.UserRegistrationTest" time="0.055"/>
  <system-out><![CDATA[]]></system-out>
  <system-err><![CDATA[]]></system-err>
</testsuite>
