<?xml version="1.0" encoding="UTF-8"?>
<testsuite name="com.bridgelabz.userregistrationtest.UserRegistrationTest" tests="1" skipped="0" failures="0" errors="0" timestamp="2021-03-19T13:31:56" hostname="LAPTOP-2B0EPGRS" time="0.066">
  <properties/>
  <testcase name="givenEmailId_WhenEmailIdHaveAllMandatoryAndOptionalPart_ShouldReturn_true()" classname="com.bridgelabz.userregistrationtest.UserRegistrationTest" time="0.066"/>
  <system-out><![CDATA[]]></system-out>
  <system-err><![CDATA[]]></system-err>
</testsuite>
